<?xml version="1.0" encoding="UTF-8"?>
<testsuite name="com.apifest.oauth20.DBManagerFactoryTest" tests="1" skipped="0" failures="0" errors="0" timestamp="2015-08-30T05:12:57" hostname="watano-PC" time="0.002">
  <properties/>
  <testcase name="when_mongo_oauth20_database_set_return_mongodb_manager" classname="com.apifest.oauth20.DBManagerFactoryTest" time="0.002"/>
  <system-out><![CDATA[]]></system-out>
  <system-err><![CDATA[]]></system-err>
</testsuite>
