<?xml version="1.0" encoding="UTF-8"?>
<testsuite name="com.apifest.oauth20.ClientCredentialsTest" tests="5" skipped="0" failures="0" errors="0" timestamp="2015-08-30T05:12:57" hostname="watano-PC" time="0.007">
  <properties/>
  <testcase name="when_no_application_details_loadFromStringMap_should_not_throw_exception" classname="com.apifest.oauth20.ClientCredentialsTest" time="0.0"/>
  <testcase name="when_construct_set_date" classname="com.apifest.oauth20.ClientCredentialsTest" time="0.001"/>
  <testcase name="when_construct_generate_client_id_and_client_secret" classname="com.apifest.oauth20.ClientCredentialsTest" time="0.002"/>
  <testcase name="when_no_application_details_loadFromMap_should_not_throw_exception" classname="com.apifest.oauth20.ClientCredentialsTest" time="0.0"/>
  <testcase name="when_map_load_class_from_it" classname="com.apifest.oauth20.ClientCredentialsTest" time="0.0"/>
  <system-out><![CDATA[]]></system-out>
  <system-err><![CDATA[]]></system-err>
</testsuite>
