<?xml version="1.0" encoding="UTF-8"?>
<testsuite name="com.apifest.oauth20.JSONUtilTest" tests="2" skipped="0" failures="0" errors="0" timestamp="2015-08-30T05:12:57" hostname="watano-PC" time="0.002">
  <properties/>
  <testcase name="when_json_string_convert_to_list" classname="com.apifest.oauth20.JSONUtilTest" time="0.0"/>
  <testcase name="when_list_convert_to_json" classname="com.apifest.oauth20.JSONUtilTest" time="0.002"/>
  <system-out><![CDATA[]]></system-out>
  <system-err><![CDATA[]]></system-err>
</testsuite>
