<?xml version="1.0" encoding="UTF-8"?>
<testsuite name="com.apifest.oauth20.ApplicationInfoTest" tests="14" skipped="0" failures="0" errors="0" timestamp="2015-08-30T05:12:56" hostname="watano-PC" time="0.004">
  <properties/>
  <testcase name="when_status_is_not_null_valid_for_update_true" classname="com.apifest.oauth20.ApplicationInfoTest" time="0.001"/>
  <testcase name="when_scope_descr_and_status_is_active_return_true" classname="com.apifest.oauth20.ApplicationInfoTest" time="0.0"/>
  <testcase name="when_status_is_null_valid_for_update_false" classname="com.apifest.oauth20.ApplicationInfoTest" time="0.0"/>
  <testcase name="when_scope_is_null_valid_for_update_false" classname="com.apifest.oauth20.ApplicationInfoTest" time="0.0"/>
  <testcase name="when_description_is_not_null_and_scope_is_null_valid_for_update_true" classname="com.apifest.oauth20.ApplicationInfoTest" time="0.0"/>
  <testcase name="when_description_not_null_valid_for_update_true" classname="com.apifest.oauth20.ApplicationInfoTest" time="0.0"/>
  <testcase name="when_scope_is_empty_valid_for_update_false" classname="com.apifest.oauth20.ApplicationInfoTest" time="0.0"/>
  <testcase name="when_status_is_not_1_or_0_valid_for_update_false" classname="com.apifest.oauth20.ApplicationInfoTest" time="0.0"/>
  <testcase name="when_only_application_details_valid_for_update_return_true" classname="com.apifest.oauth20.ApplicationInfoTest" time="0.0"/>
  <testcase name="when_description_is_null_and_scope_is_not_null_valid_for_update_true" classname="com.apifest.oauth20.ApplicationInfoTest" time="0.0"/>
  <testcase name="when_description_is_empty_valid_for_update_false" classname="com.apifest.oauth20.ApplicationInfoTest" time="0.0"/>
  <testcase name="when_scope_not_null_valid_for_update_true" classname="com.apifest.oauth20.ApplicationInfoTest" time="0.0"/>
  <testcase name="when_scope_descr_and_status_is_not_null_but_status_is_not_valid_return_false" classname="com.apifest.oauth20.ApplicationInfoTest" time="0.0"/>
  <testcase name="when_description_is_null_valid_for_update_false" classname="com.apifest.oauth20.ApplicationInfoTest" time="0.0"/>
  <system-out><![CDATA[]]></system-out>
  <system-err><![CDATA[]]></system-err>
</testsuite>
