<?xml version="1.0" encoding="UTF-8"?>
<testsuite name="com.apifest.oauth20.ScopeTest" tests="23" skipped="0" failures="0" errors="0" timestamp="2015-08-30T05:12:57" hostname="watano-PC" time="0.005">
  <properties/>
  <testcase name="when_scope_name_contains_dash_and_undescore_return_true" classname="com.apifest.oauth20.ScopeTest" time="0.001"/>
  <testcase name="when_scope_name_length_less_than_2_validate_return_false" classname="com.apifest.oauth20.ScopeTest" time="0.0"/>
  <testcase name="when_scope_name_contains_dash_return_true" classname="com.apifest.oauth20.ScopeTest" time="0.0"/>
  <testcase name="when_pass_expiresIn_0_return_false" classname="com.apifest.oauth20.ScopeTest" time="0.0"/>
  <testcase name="when_scope_name_contains_space_return_false" classname="com.apifest.oauth20.ScopeTest" time="0.0"/>
  <testcase name="when_passExpiresIn_valid_then_valid_for_update_return_true" classname="com.apifest.oauth20.ScopeTest" time="0.0"/>
  <testcase name="when_load_from_map_return_scope_with_initialized_fields" classname="com.apifest.oauth20.ScopeTest" time="0.001"/>
  <testcase name="when_load_from_string_map_return_scope_with_initialized_fields" classname="com.apifest.oauth20.ScopeTest" time="0.0"/>
  <testcase name="when_all_fields_valid_return_true" classname="com.apifest.oauth20.ScopeTest" time="0.0"/>
  <testcase name="when_scope_name_contains_several_undescores_return_true" classname="com.apifest.oauth20.ScopeTest" time="0.0"/>
  <testcase name="when_load_from_map_without_refresh_expires_in_use_pass_expires_in" classname="com.apifest.oauth20.ScopeTest" time="0.0"/>
  <testcase name="when_no_mandatory_field_then_valid_for_update_return_false" classname="com.apifest.oauth20.ScopeTest" time="0.0"/>
  <testcase name="when_refreshExpiresIn_valid_then_valid_for_update_return_true" classname="com.apifest.oauth20.ScopeTest" time="0.0"/>
  <testcase name="when_check_valid_with_refresh_expires_in_set_keep_that_refresh_expires_in_value" classname="com.apifest.oauth20.ScopeTest" time="0.0"/>
  <testcase name="when_load_from_string_map_without_refresh_expires_in_use_pass_expires_in" classname="com.apifest.oauth20.ScopeTest" time="0.0"/>
  <testcase name="when_refresh_expiresIn_null_and_pass_ExpiresIn_valid_return_true" classname="com.apifest.oauth20.ScopeTest" time="0.0"/>
  <testcase name="when_scope_null_return_false" classname="com.apifest.oauth20.ScopeTest" time="0.0"/>
  <testcase name="when_refresh_expiresIn_0_return_false" classname="com.apifest.oauth20.ScopeTest" time="0.0"/>
  <testcase name="when_scope_name_contains_not_alphaNumeric_return_false" classname="com.apifest.oauth20.ScopeTest" time="0.0"/>
  <testcase name="when_scope_name_contains_several_dashes_return_true" classname="com.apifest.oauth20.ScopeTest" time="0.0"/>
  <testcase name="when_cc_expiresIn_0_return_false" classname="com.apifest.oauth20.ScopeTest" time="0.0"/>
  <testcase name="when_description_null_return_false" classname="com.apifest.oauth20.ScopeTest" time="0.0"/>
  <testcase name="when_check_valid_with_no_refresh_expires_in_set_refresh_expires_in_to_pass_expires_in" classname="com.apifest.oauth20.ScopeTest" time="0.0"/>
  <system-out><![CDATA[]]></system-out>
  <system-err><![CDATA[]]></system-err>
</testsuite>
