<?xml version="1.0" encoding="UTF-8"?>
<testsuite name="com.apifest.oauth20.AuthCodeTest" tests="2" skipped="0" failures="0" errors="0" timestamp="2015-08-30T05:12:56" hostname="watano-PC" time="0.107">
  <properties/>
  <testcase name="when_create_auth_code_set_time_created" classname="com.apifest.oauth20.AuthCodeTest" time="0.001"/>
  <testcase name="when_load_from_map_initialize_fields" classname="com.apifest.oauth20.AuthCodeTest" time="0.105"/>
  <system-out><![CDATA[]]></system-out>
  <system-err><![CDATA[]]></system-err>
</testsuite>
