<?xml version="1.0" encoding="UTF-8"?>
<testsuite name="com.apifest.oauth20.AccessTokenTest" tests="16" skipped="0" failures="0" errors="0" timestamp="2015-08-30T05:12:56" hostname="watano-PC" time="0.446">
  <properties/>
  <testcase name="when_create_access_token_for_client_credentials_do_not_add_refresh_token" classname="com.apifest.oauth20.AccessTokenTest" time="0.206"/>
  <testcase name="when_refresh_token_duration_less_than_now_return_false" classname="com.apifest.oauth20.AccessTokenTest" time="0.097"/>
  <testcase name="load_access_token_from_map_without_refresh_expires_in" classname="com.apifest.oauth20.AccessTokenTest" time="0.001"/>
  <testcase name="when_no_refresh_expires_in_set_it_to_expires_in" classname="com.apifest.oauth20.AccessTokenTest" time="0.0"/>
  <testcase name="when_refresh_token_duration_greater_than_now_return_true" classname="com.apifest.oauth20.AccessTokenTest" time="0.001"/>
  <testcase name="when_no_refresh_expires_in_with_create_refresh_token_true_set_it_to_expires_in" classname="com.apifest.oauth20.AccessTokenTest" time="0.001"/>
  <testcase name="when_create_access_token_add_refresh_token" classname="com.apifest.oauth20.AccessTokenTest" time="0.001"/>
  <testcase name="when_no_refresh_expires_in_with_predefined_refresh_token_true_set_it_to_expires_in" classname="com.apifest.oauth20.AccessTokenTest" time="0.0"/>
  <testcase name="when_refresh_expires_in_empty_with_predefined_refresh_token_true_set_it_to_expires_in" classname="com.apifest.oauth20.AccessTokenTest" time="0.001"/>
  <testcase name="when_created_plus_expiresIn_less_then_current_time_return_false" classname="com.apifest.oauth20.AccessTokenTest" time="0.001"/>
  <testcase name="load_access_token_from_string_map_without_refresh_expires_in" classname="com.apifest.oauth20.AccessTokenTest" time="0.0"/>
  <testcase name="when_client_credentials_token_do_not_add_refresh_expires_in" classname="com.apifest.oauth20.AccessTokenTest" time="0.001"/>
  <testcase name="when_refresh_expires_in_not_empty_with_predefined_refresh_token_true_use_that_value" classname="com.apifest.oauth20.AccessTokenTest" time="0.001"/>
  <testcase name="when_password_token_add_refresh_expires_in" classname="com.apifest.oauth20.AccessTokenTest" time="0.001"/>
  <testcase name="when_created_plus_expiresIn_greater_then_current_time_return_true" classname="com.apifest.oauth20.AccessTokenTest" time="0.001"/>
  <testcase name="when_load_from_map_initialize_all_fields" classname="com.apifest.oauth20.AccessTokenTest" time="0.131"/>
  <system-out><![CDATA[]]></system-out>
  <system-err><![CDATA[]]></system-err>
</testsuite>
